<?xml version="1.0" encoding="UTF-8"?>
<testng-results skipped="0" failed="0" ignored="0" total="1" passed="1">
  <reporter-output>
  </reporter-output>
  <suite name="Default suite" duration-ms="192" started-at="2020-11-15T21:55:40 IST" finished-at="2020-11-15T21:55:40 IST">
    <groups>
    </groups>
    <test name="Default test" duration-ms="192" started-at="2020-11-15T21:55:40 IST" finished-at="2020-11-15T21:55:40 IST">
      <class name="jena.IvyTest">
        <test-method status="PASS" signature="createbody()[pri:0, instance:jena.IvyTest@614ddd49]" name="createbody" duration-ms="167" started-at="2020-11-15T21:55:40 IST" finished-at="2020-11-15T21:55:40 IST">
          <reporter-output>
          </reporter-output>
        </test-method> <!-- createbody -->
      </class> <!-- jena.IvyTest -->
    </test> <!-- Default test -->
  </suite> <!-- Default suite -->
</testng-results>
